#
# There is insufficient memory for the Java Runtime Environment to continue.
# Native memory allocation (malloc) failed to allocate 32784 bytes for Chunk::new
# Possible reasons:
#   The system is out of physical RAM or swap space
#   The process is running with CompressedOops enabled, and the Java Heap may be blocking the growth of the native heap
# Possible solutions:
#   Reduce memory load on the system
#   Increase physical memory or swap space
#   Check if swap backing store is full
#   Decrease Java heap size (-Xmx/-Xms)
#   Decrease number of Java threads
#   Decrease Java thread stack sizes (-Xss)
#   Set larger code cache with -XX:ReservedCodeCacheSize=
#   JVM is running with Unscaled Compressed Oops mode in which the Java heap is
#     placed in the first 4GB address space. The Java Heap base address is the
#     maximum limit for the native heap growth. Please use -XX:HeapBaseMinAddress
#     to set the Java Heap base and to place the Java Heap above 4GB virtual address.
# This output file may be truncated or incomplete.
#
#  Out of Memory Error (allocation.cpp:389), pid=13252, tid=0x0000000000001b5c
#
# JRE version: OpenJDK Runtime Environment (8.0_212-b04) (build 1.8.0_212-release-1586-b04)
# Java VM: OpenJDK 64-Bit Server VM (25.212-b04 mixed mode windows-amd64 compressed oops)
# Failed to write core dump. Minidumps are not enabled by default on client versions of Windows
#

---------------  T H R E A D  ---------------

Current thread (0x000000001612b000):  JavaThread "C2 CompilerThread0" daemon [_thread_in_native, id=7004, stack(0x0000000017770000,0x0000000017870000)]

Stack: [0x0000000017770000,0x0000000017870000]
[error occurred during error reporting (printing stack bounds), id 0xc0000005]

Native frames: (J=compiled Java code, j=interpreted, Vv=VM code, C=native code)


Current CompileTask:
C2: 150905 5213       4       java.lang.Class::privateGetDeclaredMethods (67 bytes)


---------------  P R O C E S S  ---------------

Java Threads: ( => current thread )
  0x0000000018bd6000 JavaThread "Cache worker for Build Output Cleanup Cache (D:\GrinderGramApp\.gradle\buildOutputCleanup)" [_thread_blocked, id=856, stack(0x0000000022390000,0x0000000022490000)]
  0x0000000018bd1000 JavaThread "Build operations Thread 4" [_thread_blocked, id=1512, stack(0x0000000021c90000,0x0000000021d90000)]
  0x0000000018bd4800 JavaThread "Build operations Thread 3" [_thread_blocked, id=13020, stack(0x0000000021b90000,0x0000000021c90000)]
  0x0000000018bd3000 JavaThread "Build operations Thread 2" [_thread_blocked, id=6720, stack(0x0000000020a70000,0x0000000020b70000)]
  0x0000000018bd7000 JavaThread "Build operations" [_thread_blocked, id=11288, stack(0x0000000020970000,0x0000000020a70000)]
  0x0000000018bd7800 JavaThread "Cache worker for execution history cache (C:\Users\lenovo\.gradle\caches\5.6.4\executionHistory)" [_thread_blocked, id=3800, stack(0x0000000020070000,0x0000000020170000)]
  0x000000001824b000 JavaThread "Cache worker for cache directory md-rule (C:\Users\lenovo\.gradle\caches\5.6.4\md-rule)" [_thread_blocked, id=6648, stack(0x000000001ff70000,0x0000000020070000)]
  0x000000001824c800 JavaThread "Cache worker for cache directory md-supplier (C:\Users\lenovo\.gradle\caches\5.6.4\md-supplier)" [_thread_blocked, id=9204, stack(0x000000001fe70000,0x000000001ff70000)]
  0x0000000018247800 JavaThread "Cache worker for file hash cache (D:\GrinderGramApp\.gradle\5.6.4\fileHashes)" [_thread_blocked, id=7580, stack(0x000000001e5d0000,0x000000001e6d0000)]
  0x000000001824c000 JavaThread "Cache worker for journal cache (C:\Users\lenovo\.gradle\caches\journal-1)" [_thread_blocked, id=10920, stack(0x000000001bf90000,0x000000001c090000)]
  0x000000001824d800 JavaThread "File lock request listener" [_thread_in_native, id=4000, stack(0x000000001bd90000,0x000000001be90000)]
  0x0000000018246800 JavaThread "Cache worker for file hash cache (C:\Users\lenovo\.gradle\caches\5.6.4\fileHashes)" [_thread_blocked, id=3052, stack(0x000000001bc90000,0x000000001bd90000)]
  0x0000000019a6c000 JavaThread "Thread-9" [_thread_blocked, id=8232, stack(0x000000001b990000,0x000000001ba90000)]
  0x0000000019a6e800 JavaThread "Asynchronous log dispatcher for DefaultDaemonConnection: socket connection from /127.0.0.1:50738 to /127.0.0.1:50739" [_thread_blocked, id=3376, stack(0x000000001b790000,0x000000001b890000)]
  0x0000000019a79800 JavaThread "Daemon worker" [_thread_in_native, id=7424, stack(0x000000001b690000,0x000000001b790000)]
  0x0000000019a79000 JavaThread "Cancel handler" [_thread_blocked, id=1292, stack(0x000000001b590000,0x000000001b690000)]
  0x0000000019ae1800 JavaThread "Handler for socket connection from /127.0.0.1:50738 to /127.0.0.1:50739" [_thread_in_native, id=10396, stack(0x000000001b290000,0x000000001b390000)]
  0x0000000019adb000 JavaThread "Daemon" [_thread_blocked, id=4520, stack(0x000000001b190000,0x000000001b290000)]
  0x0000000019a94000 JavaThread "Daemon periodic checks" [_thread_blocked, id=9644, stack(0x000000001b090000,0x000000001b190000)]
  0x0000000019a93000 JavaThread "Incoming local TCP Connector on port 50738" [_thread_in_native, id=8296, stack(0x000000001ae50000,0x000000001af50000)]
  0x0000000017de1800 JavaThread "Daemon health stats" [_thread_blocked, id=1908, stack(0x000000001a810000,0x000000001a910000)]
  0x000000001618e800 JavaThread "Service Thread" daemon [_thread_blocked, id=7184, stack(0x0000000017e70000,0x0000000017f70000)]
  0x0000000016139000 JavaThread "C1 CompilerThread2" daemon [_thread_blocked, id=8600, stack(0x0000000017970000,0x0000000017a70000)]
  0x000000001612e800 JavaThread "C2 CompilerThread1" daemon [_thread_blocked, id=11724, stack(0x0000000017870000,0x0000000017970000)]
=>0x000000001612b000 JavaThread "C2 CompilerThread0" daemon [_thread_in_native, id=7004, stack(0x0000000017770000,0x0000000017870000)]
  0x0000000016129000 JavaThread "Attach Listener" daemon [_thread_blocked, id=10756, stack(0x0000000017670000,0x0000000017770000)]
  0x0000000016135800 JavaThread "Signal Dispatcher" daemon [_thread_blocked, id=12480, stack(0x0000000017570000,0x0000000017670000)]
  0x00000000027bb800 JavaThread "Finalizer" daemon [_thread_blocked, id=4932, stack(0x0000000017380000,0x0000000017480000)]
  0x0000000016119000 JavaThread "Reference Handler" daemon [_thread_blocked, id=8880, stack(0x0000000017280000,0x0000000017380000)]
  0x00000000003be800 JavaThread "main" [_thread_blocked, id=6360, stack(0x0000000002570000,0x0000000002670000)]

Other Threads:
  0x00000000160f6000 VMThread [stack: 0x0000000017180000,0x0000000017280000] [id=10972]
  0x0000000017a9e000 WatcherThread [stack: 0x0000000017f70000,0x0000000018070000] [id=8408]

VM state:not at safepoint (normal execution)

VM Mutex/Monitor currently owned by a thread: None

heap address: 0x00000000a0000000, size: 1536 MB, Compressed Oops mode: 32-bit
Narrow klass base: 0x0000000000000000, Narrow klass shift: 3
Compressed class space size: 1073741824 Address: 0x0000000100000000

Heap:
 PSYoungGen      total 52224K, used 36548K [0x00000000e0000000, 0x00000000e4380000, 0x0000000100000000)
  eden space 39424K, 60% used [0x00000000e0000000,0x00000000e1736670,0x00000000e2680000)
  from space 12800K, 99% used [0x00000000e2700000,0x00000000e337a9b8,0x00000000e3380000)
  to   space 14848K, 0% used [0x00000000e3500000,0x00000000e3500000,0x00000000e4380000)
 ParOldGen       total 68096K, used 19110K [0x00000000a0000000, 0x00000000a4280000, 0x00000000e0000000)
  object space 68096K, 28% used [0x00000000a0000000,0x00000000a12a9b70,0x00000000a4280000)
 Metaspace       used 52717K, capacity 54100K, committed 54400K, reserved 1095680K
  class space    used 6892K, capacity 7242K, committed 7296K, reserved 1048576K

Card table byte_map: [0x0000000011b80000,0x0000000011e90000] byte_map_base: 0x0000000011680000

Marking Bits: (ParMarkBitMap*) 0x000000006eb39f30
 Begin Bits: [0x0000000012490000, 0x0000000013c90000)
 End Bits:   [0x0000000013c90000, 0x0000000015490000)

Polling page: 0x0000000000720000

CodeCache: size=245760Kb used=15992Kb max_used=16120Kb free=229767Kb
 bounds [0x00000000027c0000, 0x00000000037a0000, 0x00000000117c0000]
 total_blobs=5397 nmethods=4604 adapters=705
 compilation: enabled

Compilation events (10 events):
Event: 150.590 Thread 0x0000000016139000 5202   !   3       org.gradle.internal.operations.DefaultBuildOperationExecutor::maybeStopUnmanagedThreadOperation (74 bytes)
Event: 150.595 Thread 0x0000000016139000 nmethod 5202 0x0000000002dd2850 code [0x0000000002dd2b00, 0x0000000002dd40c8]
Event: 150.596 Thread 0x0000000016139000 5210       3       org.gradle.tooling.internal.provider.runner.ClientForwardingProjectConfigurationOperationListener::finished (92 bytes)
Event: 150.600 Thread 0x0000000016139000 nmethod 5210 0x0000000002c4dd50 code [0x0000000002c4dfc0, 0x0000000002c4f2c8]
Event: 150.601 Thread 0x0000000016139000 5201       1       org.gradle.api.internal.DefaultCollectionCallbackActionDecorator$BuildOperationEmittingAction::access$100 (5 bytes)
Event: 150.601 Thread 0x0000000016139000 nmethod 5201 0x0000000003044050 code [0x00000000030441a0, 0x0000000003044290]
Event: 150.604 Thread 0x000000001612e800 nmethod 5212 0x0000000002e74090 code [0x0000000002e74200, 0x0000000002e745f8]
Event: 150.714 Thread 0x000000001612b000 5213       4       java.lang.Class::privateGetDeclaredMethods (67 bytes)
Event: 150.840 Thread 0x0000000016139000 5214   !   3       java.net.URL::<init> (543 bytes)
Event: 150.846 Thread 0x0000000016139000 nmethod 5214 0x000000000378f790 code [0x000000000378fc60, 0x0000000003792e98]

GC Heap History (10 events):
Event: 93.234 GC heap before
{Heap before GC invocations=13 (full 2):
 PSYoungGen      total 54272K, used 43520K [0x00000000e0000000, 0x00000000e4180000, 0x0000000100000000)
  eden space 43520K, 100% used [0x00000000e0000000,0x00000000e2a80000,0x00000000e2a80000)
  from space 10752K, 0% used [0x00000000e3600000,0x00000000e3600000,0x00000000e4080000)
  to   space 11776K, 0% used [0x00000000e2a80000,0x00000000e2a80000,0x00000000e3600000)
 ParOldGen       total 68096K, used 17237K [0x00000000a0000000, 0x00000000a4280000, 0x00000000e0000000)
  object space 68096K, 25% used [0x00000000a0000000,0x00000000a10d5528,0x00000000a4280000)
 Metaspace       used 37013K, capacity 37714K, committed 38016K, reserved 1081344K
  class space    used 4916K, capacity 5144K, committed 5248K, reserved 1048576K
Event: 93.243 GC heap after
Heap after GC invocations=13 (full 2):
 PSYoungGen      total 47616K, used 4893K [0x00000000e0000000, 0x00000000e3f80000, 0x0000000100000000)
  eden space 42496K, 0% used [0x00000000e0000000,0x00000000e0000000,0x00000000e2980000)
  from space 5120K, 95% used [0x00000000e2a80000,0x00000000e2f47528,0x00000000e2f80000)
  to   space 11264K, 0% used [0x00000000e3480000,0x00000000e3480000,0x00000000e3f80000)
 ParOldGen       total 68096K, used 17237K [0x00000000a0000000, 0x00000000a4280000, 0x00000000e0000000)
  object space 68096K, 25% used [0x00000000a0000000,0x00000000a10d5528,0x00000000a4280000)
 Metaspace       used 37013K, capacity 37714K, committed 38016K, reserved 1081344K
  class space    used 4916K, capacity 5144K, committed 5248K, reserved 1048576K
}
Event: 101.183 GC heap before
{Heap before GC invocations=14 (full 2):
 PSYoungGen      total 47616K, used 47389K [0x00000000e0000000, 0x00000000e3f80000, 0x0000000100000000)
  eden space 42496K, 100% used [0x00000000e0000000,0x00000000e2980000,0x00000000e2980000)
  from space 5120K, 95% used [0x00000000e2a80000,0x00000000e2f47528,0x00000000e2f80000)
  to   space 11264K, 0% used [0x00000000e3480000,0x00000000e3480000,0x00000000e3f80000)
 ParOldGen       total 68096K, used 17237K [0x00000000a0000000, 0x00000000a4280000, 0x00000000e0000000)
  object space 68096K, 25% used [0x00000000a0000000,0x00000000a10d5528,0x00000000a4280000)
 Metaspace       used 38586K, capacity 39470K, committed 39808K, reserved 1083392K
  class space    used 5173K, capacity 5394K, committed 5504K, reserved 1048576K
Event: 101.192 GC heap after
Heap after GC invocations=14 (full 2):
 PSYoungGen      total 52736K, used 6125K [0x00000000e0000000, 0x00000000e3f00000, 0x0000000100000000)
  eden space 41984K, 0% used [0x00000000e0000000,0x00000000e0000000,0x00000000e2900000)
  from space 10752K, 56% used [0x00000000e3480000,0x00000000e3a7b698,0x00000000e3f00000)
  to   space 11264K, 0% used [0x00000000e2900000,0x00000000e2900000,0x00000000e3400000)
 ParOldGen       total 68096K, used 17237K [0x00000000a0000000, 0x00000000a4280000, 0x00000000e0000000)
  object space 68096K, 25% used [0x00000000a0000000,0x00000000a10d5528,0x00000000a4280000)
 Metaspace       used 38586K, capacity 39470K, committed 39808K, reserved 1083392K
  class space    used 5173K, capacity 5394K, committed 5504K, reserved 1048576K
}
Event: 121.674 GC heap before
{Heap before GC invocations=15 (full 2):
 PSYoungGen      total 52736K, used 48109K [0x00000000e0000000, 0x00000000e3f00000, 0x0000000100000000)
  eden space 41984K, 100% used [0x00000000e0000000,0x00000000e2900000,0x00000000e2900000)
  from space 10752K, 56% used [0x00000000e3480000,0x00000000e3a7b698,0x00000000e3f00000)
  to   space 11264K, 0% used [0x00000000e2900000,0x00000000e2900000,0x00000000e3400000)
 ParOldGen       total 68096K, used 17237K [0x00000000a0000000, 0x00000000a4280000, 0x00000000e0000000)
  object space 68096K, 25% used [0x00000000a0000000,0x00000000a10d5528,0x00000000a4280000)
 Metaspace       used 42407K, capacity 43634K, committed 43904K, reserved 1087488K
  class space    used 5675K, capacity 5980K, committed 6016K, reserved 1048576K
Event: 121.688 GC heap after
Heap after GC invocations=15 (full 2):
 PSYoungGen      total 50176K, used 8635K [0x00000000e0000000, 0x00000000e3e80000, 0x0000000100000000)
  eden space 41472K, 0% used [0x00000000e0000000,0x00000000e0000000,0x00000000e2880000)
  from space 8704K, 99% used [0x00000000e2900000,0x00000000e316ec00,0x00000000e3180000)
  to   space 11264K, 0% used [0x00000000e3380000,0x00000000e3380000,0x00000000e3e80000)
 ParOldGen       total 68096K, used 17245K [0x00000000a0000000, 0x00000000a4280000, 0x00000000e0000000)
  object space 68096K, 25% used [0x00000000a0000000,0x00000000a10d7528,0x00000000a4280000)
 Metaspace       used 42407K, capacity 43634K, committed 43904K, reserved 1087488K
  class space    used 5675K, capacity 5980K, committed 6016K, reserved 1048576K
}
Event: 135.883 GC heap before
{Heap before GC invocations=16 (full 2):
 PSYoungGen      total 50176K, used 49852K [0x00000000e0000000, 0x00000000e3e80000, 0x0000000100000000)
  eden space 41472K, 99% used [0x00000000e0000000,0x00000000e2840738,0x00000000e2880000)
  from space 8704K, 99% used [0x00000000e2900000,0x00000000e316ec00,0x00000000e3180000)
  to   space 11264K, 0% used [0x00000000e3380000,0x00000000e3380000,0x00000000e3e80000)
 ParOldGen       total 68096K, used 17245K [0x00000000a0000000, 0x00000000a4280000, 0x00000000e0000000)
  object space 68096K, 25% used [0x00000000a0000000,0x00000000a10d7528,0x00000000a4280000)
 Metaspace       used 47339K, capacity 48634K, committed 48896K, reserved 1091584K
  class space    used 6256K, capacity 6568K, committed 6656K, reserved 1048576K
Event: 135.946 GC heap after
Heap after GC invocations=16 (full 2):
 PSYoungGen      total 51200K, used 11242K [0x00000000e0000000, 0x00000000e4100000, 0x0000000100000000)
  eden space 39936K, 0% used [0x00000000e0000000,0x00000000e0000000,0x00000000e2700000)
  from space 11264K, 99% used [0x00000000e3380000,0x00000000e3e7a998,0x00000000e3e80000)
  to   space 12800K, 0% used [0x00000000e2700000,0x00000000e2700000,0x00000000e3380000)
 ParOldGen       total 68096K, used 17711K [0x00000000a0000000, 0x00000000a4280000, 0x00000000e0000000)
  object space 68096K, 26% used [0x00000000a0000000,0x00000000a114bd78,0x00000000a4280000)
 Metaspace       used 47339K, capacity 48634K, committed 48896K, reserved 1091584K
  class space    used 6256K, capacity 6568K, committed 6656K, reserved 1048576K
}
Event: 140.919 GC heap before
{Heap before GC invocations=17 (full 2):
 PSYoungGen      total 51200K, used 51178K [0x00000000e0000000, 0x00000000e4100000, 0x0000000100000000)
  eden space 39936K, 100% used [0x00000000e0000000,0x00000000e2700000,0x00000000e2700000)
  from space 11264K, 99% used [0x00000000e3380000,0x00000000e3e7a998,0x00000000e3e80000)
  to   space 12800K, 0% used [0x00000000e2700000,0x00000000e2700000,0x00000000e3380000)
 ParOldGen       total 68096K, used 17711K [0x00000000a0000000, 0x00000000a4280000, 0x00000000e0000000)
  object space 68096K, 26% used [0x00000000a0000000,0x00000000a114bd78,0x00000000a4280000)
 Metaspace       used 49601K, capacity 50948K, committed 51200K, reserved 1093632K
  class space    used 6529K, capacity 6863K, committed 6912K, reserved 1048576K
Event: 140.937 GC heap after
Heap after GC invocations=17 (full 2):
 PSYoungGen      total 52224K, used 12778K [0x00000000e0000000, 0x00000000e4380000, 0x0000000100000000)
  eden space 39424K, 0% used [0x00000000e0000000,0x00000000e0000000,0x00000000e2680000)
  from space 12800K, 99% used [0x00000000e2700000,0x00000000e337a9b8,0x00000000e3380000)
  to   space 14848K, 0% used [0x00000000e3500000,0x00000000e3500000,0x00000000e4380000)
 ParOldGen       total 68096K, used 19110K [0x00000000a0000000, 0x00000000a4280000, 0x00000000e0000000)
  object space 68096K, 28% used [0x00000000a0000000,0x00000000a12a9b70,0x00000000a4280000)
 Metaspace       used 49601K, capacity 50948K, committed 51200K, reserved 1093632K
  class space    used 6529K, capacity 6863K, committed 6912K, reserved 1048576K
}

Deoptimization events (10 events):
Event: 140.724 Thread 0x0000000019a79800 Uncommon trap: reason=unstable_if action=reinterpret pc=0x0000000003644598 method=com.google.gson.stream.JsonReader.doPeek()I @ 315
Event: 141.808 Thread 0x0000000019a79800 Uncommon trap: reason=unstable_if action=reinterpret pc=0x0000000003551a30 method=org.gradle.internal.reflect.PropertyAccessorType.of(Ljava/lang/reflect/Method;)Lorg/gradle/internal/reflect/PropertyAccessorType; @ 56
Event: 146.045 Thread 0x0000000019a79800 Uncommon trap: reason=speculate_class_check action=maybe_recompile pc=0x00000000034976a8 method=com.google.common.collect.AbstractIndexedListIterator.next()Ljava/lang/Object; @ 27
Event: 146.045 Thread 0x0000000019a79800 Uncommon trap: reason=speculate_class_check action=maybe_recompile pc=0x00000000034976a8 method=com.google.common.collect.AbstractIndexedListIterator.next()Ljava/lang/Object; @ 27
Event: 146.045 Thread 0x0000000019a79800 Uncommon trap: reason=speculate_class_check action=maybe_recompile pc=0x00000000034976a8 method=com.google.common.collect.AbstractIndexedListIterator.next()Ljava/lang/Object; @ 27
Event: 146.046 Thread 0x0000000019a79800 Uncommon trap: reason=speculate_class_check action=maybe_recompile pc=0x00000000034976a8 method=com.google.common.collect.AbstractIndexedListIterator.next()Ljava/lang/Object; @ 27
Event: 146.477 Thread 0x0000000019a79800 Uncommon trap: reason=unstable_if action=reinterpret pc=0x000000000356b1f0 method=org.gradle.internal.instantiation.AbstractClassGenerator$InjectionAnnotationValidator.validateMethod(Ljava/lang/reflect/Method;Lorg/gradle/internal/reflect/PropertyAccessorT
Event: 146.477 Thread 0x0000000019a79800 Uncommon trap: reason=unstable_if action=reinterpret pc=0x0000000002e55884 method=org.gradle.internal.instantiation.AbstractClassGenerator$InjectionAnnotationValidator.validateMethod(Ljava/lang/reflect/Method;Lorg/gradle/internal/reflect/PropertyAccessorT
Event: 149.237 Thread 0x0000000019a79800 Uncommon trap: reason=unstable_if action=reinterpret pc=0x0000000002905764 method=java.lang.String.lastIndexOf([CII[CIII)I @ 17
Event: 149.237 Thread 0x0000000019a79800 Uncommon trap: reason=unstable_if action=reinterpret pc=0x0000000002e9b2b8 method=sun.net.www.protocol.jar.Handler.parseURL(Ljava/net/URL;Ljava/lang/String;II)V @ 94

Classes redefined (0 events):
No events

Internal exceptions (10 events):
Event: 136.910 Thread 0x0000000019a79800 Exception <a 'java/lang/ClassNotFoundException': com/android/build/gradle/internal/api/DefaultAndroidSourceSetCustomizer> (0x00000000e165d208) thrown at [D:\src\AOSP-openjdk-cygwin\jdk8u\hotspot\src\share\vm\classfile\systemDictionary.cpp, line 210]
Event: 136.916 Thread 0x0000000019a79800 Exception <a 'java/lang/ClassNotFoundException': com/android/build/gradle/internal/api/DefaultAndroidSourceSet_DecoratedCustomizer> (0x00000000e16cd178) thrown at [D:\src\AOSP-openjdk-cygwin\jdk8u\hotspot\src\share\vm\classfile\systemDictionary.cpp, line 
Event: 141.845 Thread 0x0000000019a79800 Exception <a 'java/lang/ClassNotFoundException': com/android/build/gradle/internal/dsl/BuildType_DecoratedBeanInfo> (0x00000000e05b1390) thrown at [D:\src\AOSP-openjdk-cygwin\jdk8u\hotspot\src\share\vm\classfile\systemDictionary.cpp, line 210]
Event: 141.848 Thread 0x0000000019a79800 Exception <a 'java/lang/ClassNotFoundException': com/android/build/gradle/internal/dsl/BuildTypeBeanInfo> (0x00000000e05ce7b8) thrown at [D:\src\AOSP-openjdk-cygwin\jdk8u\hotspot\src\share\vm\classfile\systemDictionary.cpp, line 210]
Event: 141.850 Thread 0x0000000019a79800 Exception <a 'java/lang/ClassNotFoundException': com/android/builder/core/DefaultBuildTypeBeanInfo> (0x00000000e05e9c88) thrown at [D:\src\AOSP-openjdk-cygwin\jdk8u\hotspot\src\share\vm\classfile\systemDictionary.cpp, line 210]
Event: 141.852 Thread 0x0000000019a79800 Exception <a 'java/lang/ClassNotFoundException': com/android/builder/internal/BaseConfigImplBeanInfo> (0x00000000e0606510) thrown at [D:\src\AOSP-openjdk-cygwin\jdk8u\hotspot\src\share\vm\classfile\systemDictionary.cpp, line 210]
Event: 141.854 Thread 0x0000000019a79800 Exception <a 'java/lang/ClassNotFoundException': com/android/builder/internal/BaseConfigImplCustomizer> (0x00000000e06233e8) thrown at [D:\src\AOSP-openjdk-cygwin\jdk8u\hotspot\src\share\vm\classfile\systemDictionary.cpp, line 210]
Event: 141.858 Thread 0x0000000019a79800 Exception <a 'java/lang/ClassNotFoundException': com/android/builder/core/DefaultBuildTypeCustomizer> (0x00000000e0665498) thrown at [D:\src\AOSP-openjdk-cygwin\jdk8u\hotspot\src\share\vm\classfile\systemDictionary.cpp, line 210]
Event: 141.861 Thread 0x0000000019a79800 Exception <a 'java/lang/ClassNotFoundException': com/android/build/gradle/internal/dsl/BuildTypeCustomizer> (0x00000000e069dce8) thrown at [D:\src\AOSP-openjdk-cygwin\jdk8u\hotspot\src\share\vm\classfile\systemDictionary.cpp, line 210]
Event: 141.865 Thread 0x0000000019a79800 Exception <a 'java/lang/ClassNotFoundException': com/android/build/gradle/internal/dsl/BuildType_DecoratedCustomizer> (0x00000000e06fe990) thrown at [D:\src\AOSP-openjdk-cygwin\jdk8u\hotspot\src\share\vm\classfile\systemDictionary.cpp, line 210]

Events (10 events):
Event: 150.718 loading class com/android/build/gradle/tasks/ResourceAwareTask
Event: 150.718 loading class com/android/build/gradle/tasks/ResourceAwareTask done
Event: 150.778 loading class com/android/build/gradle/internal/tasks/IncrementalTask
Event: 150.778 loading class com/android/build/gradle/internal/tasks/IncrementalTask done
Event: 150.802 loading class com/android/build/gradle/internal/tasks/AndroidVariantTask
Event: 150.802 loading class com/android/build/gradle/internal/tasks/AndroidVariantTask done
Event: 150.840 loading class com/android/build/gradle/internal/tasks/VariantAwareTask
Event: 150.840 loading class com/android/build/gradle/internal/tasks/VariantAwareTask done
Event: 150.847 Thread 0x0000000016139000 flushing nmethod 0x00000000034f2110
Event: 150.847 Thread 0x0000000016139000 flushing nmethod 0x0000000003526b10


Dynamic libraries:
0x00007ff72c360000 - 0x00007ff72c391000 	C:\Program Files\Android\Android Studio\jre\bin\java.exe
0x00007ffcac150000 - 0x00007ffcac331000 	C:\WINDOWS\SYSTEM32\ntdll.dll
0x00007ffca9e30000 - 0x00007ffca9ee1000 	C:\WINDOWS\System32\KERNEL32.DLL
0x00007ffca8bd0000 - 0x00007ffca8e43000 	C:\WINDOWS\System32\KERNELBASE.dll
0x00007ffcaaba0000 - 0x00007ffcaac41000 	C:\WINDOWS\System32\ADVAPI32.dll
0x00007ffcaa960000 - 0x00007ffcaa9fe000 	C:\WINDOWS\System32\msvcrt.dll
0x00007ffcaa680000 - 0x00007ffcaa6db000 	C:\WINDOWS\System32\sechost.dll
0x00007ffca9880000 - 0x00007ffca99a4000 	C:\WINDOWS\System32\RPCRT4.dll
0x00007ffcaa3b0000 - 0x00007ffcaa540000 	C:\WINDOWS\System32\USER32.dll
0x00007ffca95c0000 - 0x00007ffca95e0000 	C:\WINDOWS\System32\win32u.dll
0x00007ffcaa6e0000 - 0x00007ffcaa708000 	C:\WINDOWS\System32\GDI32.dll
0x00007ffca8620000 - 0x00007ffca87b2000 	C:\WINDOWS\System32\gdi32full.dll
0x00007ffca8ab0000 - 0x00007ffca8b4f000 	C:\WINDOWS\System32\msvcp_win.dll
0x00007ffca87c0000 - 0x00007ffca88b8000 	C:\WINDOWS\System32\ucrtbase.dll
0x00007ffc965f0000 - 0x00007ffc96859000 	C:\WINDOWS\WinSxS\amd64_microsoft.windows.common-controls_6595b64144ccf1df_6.0.17134.765_none_fb42a1a930655896\COMCTL32.dll
0x00007ffca9ef0000 - 0x00007ffcaa212000 	C:\WINDOWS\System32\combase.dll
0x00007ffca8b50000 - 0x00007ffca8bca000 	C:\WINDOWS\System32\bcryptPrimitives.dll
0x00007ffcac090000 - 0x00007ffcac0bd000 	C:\WINDOWS\System32\IMM32.DLL
0x00000000705c0000 - 0x0000000070692000 	C:\Program Files\Android\Android Studio\jre\jre\bin\msvcr100.dll
0x000000006e370000 - 0x000000006ebb6000 	C:\Program Files\Android\Android Studio\jre\jre\bin\server\jvm.dll
0x00007ffcaa220000 - 0x00007ffcaa228000 	C:\WINDOWS\System32\PSAPI.DLL
0x00007ffca4f10000 - 0x00007ffca4f19000 	C:\WINDOWS\SYSTEM32\WSOCK32.dll
0x00007ffc9aed0000 - 0x00007ffc9aeda000 	C:\WINDOWS\SYSTEM32\VERSION.dll
0x00007ffca4a40000 - 0x00007ffca4a63000 	C:\WINDOWS\SYSTEM32\WINMM.dll
0x00007ffcaa540000 - 0x00007ffcaa5ac000 	C:\WINDOWS\System32\WS2_32.dll
0x00007ffca4a10000 - 0x00007ffca4a3a000 	C:\WINDOWS\SYSTEM32\WINMMBASE.dll
0x00007ffca8520000 - 0x00007ffca8569000 	C:\WINDOWS\System32\cfgmgr32.dll
0x00007ffc9d8c0000 - 0x00007ffc9d8cf000 	C:\Program Files\Android\Android Studio\jre\jre\bin\verify.dll
0x00007ffc7e9e0000 - 0x00007ffc7ea09000 	C:\Program Files\Android\Android Studio\jre\jre\bin\java.dll
0x00007ffc7caa0000 - 0x00007ffc7cab6000 	C:\Program Files\Android\Android Studio\jre\jre\bin\zip.dll
0x00007ffcaac50000 - 0x00007ffcac090000 	C:\WINDOWS\System32\SHELL32.dll
0x00007ffca97d0000 - 0x00007ffca9879000 	C:\WINDOWS\System32\shcore.dll
0x00007ffca8eb0000 - 0x00007ffca95bd000 	C:\WINDOWS\System32\windows.storage.dll
0x00007ffcac0c0000 - 0x00007ffcac111000 	C:\WINDOWS\System32\shlwapi.dll
0x00007ffca84b0000 - 0x00007ffca84c1000 	C:\WINDOWS\System32\kernel.appcore.dll
0x00007ffca8490000 - 0x00007ffca84af000 	C:\WINDOWS\System32\profapi.dll
0x00007ffca84d0000 - 0x00007ffca851c000 	C:\WINDOWS\System32\powrprof.dll
0x00007ffca8480000 - 0x00007ffca848a000 	C:\WINDOWS\System32\FLTLIB.DLL
0x00007ffc7c910000 - 0x00007ffc7c92a000 	C:\Program Files\Android\Android Studio\jre\jre\bin\net.dll
0x00007ffc9be50000 - 0x00007ffc9c018000 	C:\WINDOWS\SYSTEM32\urlmon.dll
0x00007ffc9c240000 - 0x00007ffc9c4e7000 	C:\WINDOWS\SYSTEM32\iertutil.dll
0x00007ffca7eb0000 - 0x00007ffca7ebb000 	C:\WINDOWS\SYSTEM32\CRYPTBASE.DLL
0x00007ffca7ce0000 - 0x00007ffca7d46000 	C:\WINDOWS\system32\mswsock.dll
0x00007ffc78b10000 - 0x00007ffc78b23000 	C:\Program Files\Android\Android Studio\jre\jre\bin\nio.dll
0x00007ffc9fa70000 - 0x00007ffc9fa96000 	C:\Users\lenovo\.gradle\native\30\windows-amd64\native-platform.dll
0x00007ffc9d8b0000 - 0x00007ffc9d8bd000 	C:\Program Files\Android\Android Studio\jre\jre\bin\management.dll
0x00007ffca7e90000 - 0x00007ffca7ea7000 	C:\WINDOWS\SYSTEM32\CRYPTSP.dll
0x00007ffca78c0000 - 0x00007ffca78f3000 	C:\WINDOWS\system32\rsaenh.dll
0x00007ffca7fc0000 - 0x00007ffca7fe5000 	C:\WINDOWS\SYSTEM32\bcrypt.dll
0x00007ffca8360000 - 0x00007ffca8388000 	C:\WINDOWS\SYSTEM32\USERENV.dll
0x00007ffca7a60000 - 0x00007ffca7a98000 	C:\WINDOWS\SYSTEM32\IPHLPAPI.DLL
0x00007ffca99b0000 - 0x00007ffca99b8000 	C:\WINDOWS\System32\NSI.dll
0x00007ffca0110000 - 0x00007ffca0126000 	C:\WINDOWS\SYSTEM32\dhcpcsvc6.DLL
0x00007ffca0580000 - 0x00007ffca059a000 	C:\WINDOWS\SYSTEM32\dhcpcsvc.DLL

VM Arguments:
jvm_args: -Xmx1536m -Dfile.encoding=windows-1252 -Duser.country=IN -Duser.language=en -Duser.variant 
java_command: org.gradle.launcher.daemon.bootstrap.GradleDaemon 5.6.4
java_class_path (initial): C:\Users\lenovo\.gradle\wrapper\dists\gradle-5.6.4-all\ankdp27end7byghfw1q2sw75f\gradle-5.6.4\lib\gradle-launcher-5.6.4.jar
Launcher Type: SUN_STANDARD

Environment Variables:
PATH=C:\oraclexe\app\oracle\product\11.2.0\server\bin;C:\Program Files (x86)\Common Files\Oracle\Java\javapath;C:\Program Files (x86)\Java\jdk1.8.0_191\bin;C:\Program Files\Intel\iCLS Client\;C:\WINDOWS\system32;C:\WINDOWS;C:\WINDOWS\System32\Wbem;C:\WINDOWS\System32\WindowsPowerShell\v1.0\;C:\Program Files (x86)\ATI Technologies\ATI.ACE\Core-Static;C:\Program Files\Intel\Intel(R) Management Engine Components\DAL;C:\Program Files (x86)\Intel\Intel(R) Management Engine Components\DAL;C:\Program Files\Intel\Intel(R) Management Engine Components\IPT;C:\Program Files (x86)\Intel\Intel(R) Management Engine Components\IPT;C:\Program Files\Intel\WiFi\bin\;C:\Program Files\Common Files\Intel\WirelessCommon\;C:\Program Files (x86)\Common Files\lenovo\easyplussdk\bin;C:\Program Files\Microsoft SQL Server\Client SDK\ODBC\110\Tools\Binn\;C:\Program Files (x86)\Microsoft SQL Server\120\Tools\Binn\;C:\Program Files\Microsoft SQL Server\120\Tools\Binn\;C:\Program Files\Microsoft SQL Server\120\DTS\Binn\;C:\Program Files (x86)\Microsoft SQL Server\120\Tools\Binn\ManagementStudio\;C:\Program Files (x86)\Microsoft SQL Server\120\DTS\Binn\;C:\Program Files\Java\jdk-11.0.1\bin;C:\Program Files\Microsoft VS Code\bin;C:\Program Files\Java\jre1.8.0_201\bin;C:\WINDOWS\System32\OpenSSH\;C:\Program Files\Java\jre1.8.0_201\bin;C:\Users\lenovo\AppData\Local\Microsoft\WindowsApps;C:\Users\lenovo\AppData\Local\atom\bin
USERNAME=Ishu_Thakur
OS=Windows_NT
PROCESSOR_IDENTIFIER=Intel64 Family 6 Model 69 Stepping 1, GenuineIntel



---------------  S Y S T E M  ---------------

OS: Windows 10.0 , 64 bit Build 17134 (10.0.17134.753)

CPU:total 4 (initial active 4) (2 cores per cpu, 2 threads per core) family 6 model 69 stepping 1, cmov, cx8, fxsr, mmx, sse, sse2, sse3, ssse3, sse4.1, sse4.2, popcnt, avx, avx2, aes, clmul, erms, lzcnt, ht, tsc, tscinvbit, bmi1, bmi2

Memory: 4k page, physical 8307152k(1086404k free), swap 33472976k(9632k free)

vm_info: OpenJDK 64-Bit Server VM (25.212-b04) for windows-amd64 JRE (1.8.0_212-release-1586-b04), built by "builder" with MS VC++ 10.0 (VS2010)

time: Sun May 31 15:42:56 2020
timezone: India Standard Time
elapsed time: 151 seconds (0d 0h 2m 31s)

